<?xml version="1.0" encoding="UTF-8"?>
<!-- Generated by org.testng.reporters.JUnitReportReporter -->
<testsuite hostname="MSI" failures="0" tests="1" name="tests.LoginTest" time="11.034" errors="0" timestamp="2024-05-06T00:39:42 IST" skipped="0">
  <testcase classname="tests.LoginTest" name="login" time="11.034"/>
</testsuite> <!-- tests.LoginTest -->
