<?xml version="1.0" encoding="UTF-8"?>
<!-- Generated by org.testng.reporters.JUnitReportReporter -->
<testsuite hostname="MSI" failures="0" tests="1" name="tests.TwoTest" time="10.123" errors="0" timestamp="2024-05-06T00:39:42 IST" skipped="0">
  <testcase classname="tests.TwoTest" name="testTwo" time="10.123"/>
</testsuite> <!-- tests.TwoTest -->
