<?xml version="1.0" encoding="UTF-8"?>
<!-- Generated by org.testng.reporters.JUnitReportReporter -->
<testsuite hostname="MSI" failures="0" tests="1" name="runner.TestRunner" time="8.639" errors="0" timestamp="2024-05-06T00:34:24 IST" skipped="0">
  <testcase classname="runner.TestRunner" name="runScenario" time="8.639"/>
</testsuite> <!-- runner.TestRunner -->
